<?xml version="1.0" encoding="UTF-8"?>
<testng-results total="2" passed="2" failed="0" skipped="0">
  <reporter-output>
  </reporter-output>
  <suite started-at="2020-05-15T02:45:12Z" name="Suite1" finished-at="2020-05-15T02:45:35Z" duration-ms="22545">
    <groups>
    </groups>
    <test started-at="2020-05-15T02:45:12Z" name="Regression1" finished-at="2020-05-15T02:45:35Z" duration-ms="22545">
      <class name="myfirstTestNGPackage.myFirstTest">
        <test-method is-config="true" signature="setUp(java.lang.String)[pri:0, instance:myfirstTestNGPackage.myFirstTest@51e69659]" started-at="2020-05-14T19:45:12Z" name="setUp" finished-at="2020-05-14T19:45:16Z" duration-ms="3762" status="PASS">
          <params>
            <param index="0">
              <value>
                <![CDATA[Chrome]]>
              </value>
            </param>
          </params>
          <reporter-output>
          </reporter-output>
        </test-method> <!-- setUp -->
        <test-method signature="testCase01(java.lang.String, java.lang.String)[pri:0, instance:myfirstTestNGPackage.myFirstTest@51e69659]" started-at="2020-05-14T19:45:16Z" name="testCase01" data-provider="testdata" finished-at="2020-05-14T19:45:23Z" duration-ms="7283" status="PASS">
          <params>
            <param index="0">
              <value>
                <![CDATA[ecalix@test.com]]>
              </value>
            </param>
            <param index="1">
              <value>
                <![CDATA[test123]]>
              </value>
            </param>
          </params>
          <reporter-output>
          </reporter-output>
        </test-method> <!-- testCase01 -->
        <test-method is-config="true" signature="setUp(java.lang.String)[pri:0, instance:myfirstTestNGPackage.myFirstTest@51e69659]" started-at="2020-05-14T19:45:23Z" name="setUp" finished-at="2020-05-14T19:45:27Z" duration-ms="3526" status="PASS">
          <params>
            <param index="0">
              <value>
                <![CDATA[Chrome]]>
              </value>
            </param>
          </params>
          <reporter-output>
          </reporter-output>
        </test-method> <!-- setUp -->
        <test-method signature="testCase01(java.lang.String, java.lang.String)[pri:0, instance:myfirstTestNGPackage.myFirstTest@51e69659]" started-at="2020-05-14T19:45:27Z" name="testCase01" data-provider="testdata" finished-at="2020-05-14T19:45:35Z" duration-ms="7962" status="PASS">
          <params>
            <param index="0">
              <value>
                <![CDATA[jass@test.com]]>
              </value>
            </param>
            <param index="1">
              <value>
                <![CDATA[test123]]>
              </value>
            </param>
          </params>
          <reporter-output>
          </reporter-output>
        </test-method> <!-- testCase01 -->
      </class> <!-- myfirstTestNGPackage.myFirstTest -->
    </test> <!-- Regression1 -->
  </suite> <!-- Suite1 -->
</testng-results>
